#
# A fatal error has been detected by the Java Runtime Environment:
#
#  Internal Error (javaClasses.cpp:126), pid=8196, tid=6944
#  fatal error: Invalid layout of preloaded class
#
# JRE version:  (8.0_31-b13) (build )
# Java VM: Java HotSpot(TM) 64-Bit Server VM (25.31-b07 mixed mode windows-amd64 compressed oops)
# Failed to write core dump. Minidumps are not enabled by default on client versions of Windows
#
# If you would like to submit a bug report, please visit:
#   http://bugreport.java.com/bugreport/crash.jsp
#

---------------  T H R E A D  ---------------

Current thread (0x0000000001f42800):  JavaThread "Unknown thread" [_thread_in_vm, id=6944, stack(0x0000000001d80000,0x0000000001e80000)]

Stack: [0x0000000001d80000,0x0000000001e80000]
Native frames: (J=compiled Java code, j=interpreted, Vv=VM code, C=native code)
V  [jvm.dll+0x3169ba]
V  [jvm.dll+0x2674c3]
V  [jvm.dll+0x268103]
V  [jvm.dll+0x25f876]
V  [jvm.dll+0x5e443]
V  [jvm.dll+0x5e533]
V  [jvm.dll+0x72e9a]
V  [jvm.dll+0x73208]
V  [jvm.dll+0xe4997]
V  [jvm.dll+0xe4d26]
V  [jvm.dll+0x1fa057]
V  [jvm.dll+0x22b694]
V  [jvm.dll+0x14d8c1]
C  [javaw.exe+0x20c6]
C  [javaw.exe+0xc9eb]
C  [javaw.exe+0xca7f]
C  [KERNEL32.DLL+0x13d2]
C  [ntdll.dll+0x6eb64]


---------------  P R O C E S S  ---------------

Java Threads: ( => current thread )

Other Threads:

=>0x0000000001f42800 (exited) JavaThread "Unknown thread" [_thread_in_vm, id=6944, stack(0x0000000001d80000,0x0000000001e80000)]

VM state:not at safepoint (not fully initialized)

VM Mutex/Monitor currently owned by a thread: None

GC Heap History (0 events):
No events

Deoptimization events (0 events):
No events

Internal exceptions (0 events):
No events

Events (10 events):
Event: 0.017 loading class java/lang/CharSequence done
Event: 0.017 loading class java/lang/String done
Event: 0.017 loading class java/lang/Class
Event: 0.017 loading class java/lang/reflect/AnnotatedElement
Event: 0.017 loading class java/lang/reflect/AnnotatedElement done
Event: 0.017 loading class java/lang/reflect/GenericDeclaration
Event: 0.017 loading class java/lang/reflect/GenericDeclaration done
Event: 0.017 loading class java/lang/reflect/Type
Event: 0.018 loading class java/lang/reflect/Type done
Event: 0.018 loading class java/lang/Class done


Dynamic libraries:
0x00007ff74cd00000 - 0x00007ff74cd34000 	C:\Program Files\Java\jdk1.8.0_31\bin\javaw.exe
0x00007ffb61520000 - 0x00007ffb616cc000 	C:\WINDOWS\SYSTEM32\ntdll.dll
0x00007ffb5edb0000 - 0x00007ffb5eeee000 	C:\WINDOWS\system32\KERNEL32.DLL
0x00007ffb5ea80000 - 0x00007ffb5eb95000 	C:\WINDOWS\system32\KERNELBASE.dll
0x00007ffb5d1d0000 - 0x00007ffb5d25e000 	C:\WINDOWS\system32\apphelp.dll
0x00007ffb4e240000 - 0x00007ffb4e293000 	C:\WINDOWS\AppPatch\AppPatch64\AcGenral.DLL
0x00007ffb60f70000 - 0x00007ffb6101a000 	C:\WINDOWS\system32\msvcrt.dll
0x00007ffb5e4d0000 - 0x00007ffb5e4fe000 	C:\WINDOWS\SYSTEM32\SspiCli.dll
0x00007ffb5eef0000 - 0x00007ffb5ef44000 	C:\WINDOWS\system32\SHLWAPI.dll
0x00007ffb61230000 - 0x00007ffb613a7000 	C:\WINDOWS\system32\USER32.dll
0x00007ffb61090000 - 0x00007ffb61224000 	C:\WINDOWS\system32\ole32.dll
0x00007ffb5ef50000 - 0x00007ffb60469000 	C:\WINDOWS\system32\SHELL32.dll
0x00007ffb5dc50000 - 0x00007ffb5dc71000 	C:\WINDOWS\SYSTEM32\USERENV.dll
0x00007ffb61470000 - 0x00007ffb6151a000 	C:\WINDOWS\system32\ADVAPI32.dll
0x00007ffb50ef0000 - 0x00007ffb50f0e000 	C:\WINDOWS\SYSTEM32\MPR.dll
0x00007ffb60790000 - 0x00007ffb608d1000 	C:\WINDOWS\system32\RPCRT4.dll
0x00007ffb608e0000 - 0x00007ffb60939000 	C:\WINDOWS\SYSTEM32\sechost.dll
0x00007ffb60940000 - 0x00007ffb60b51000 	C:\WINDOWS\SYSTEM32\combase.dll
0x00007ffb60ce0000 - 0x00007ffb60e31000 	C:\WINDOWS\system32\GDI32.dll
0x00007ffb5e670000 - 0x00007ffb5e685000 	C:\WINDOWS\SYSTEM32\profapi.dll
0x00007ffb5cb80000 - 0x00007ffb5cc32000 	C:\WINDOWS\SYSTEM32\SHCORE.dll
0x00007ffb60f30000 - 0x00007ffb60f66000 	C:\WINDOWS\system32\IMM32.DLL
0x00007ffb60470000 - 0x00007ffb605c3000 	C:\WINDOWS\system32\MSCTF.dll
0x00007ffb5e650000 - 0x00007ffb5e658000 	C:\PROGRA~2\NVIDIA~1\3DVISI~1\NVSTIN~1.DLL
0x00007ffb5eba0000 - 0x00007ffb5eba7000 	C:\WINDOWS\system32\PSAPI.DLL
0x0000000077290000 - 0x0000000077333000 	C:\WINDOWS\WinSxS\amd64_microsoft.vc90.crt_1fc8b3b9a1e18e3b_9.0.30729.8387_none_08e793bfa83a89b5\MSVCR90.dll
0x00007ffb5e580000 - 0x00007ffb5e5af000 	C:\Windows\system32\nvinitx.dll
0x000000000f000000 - 0x000000000f006000 	C:\Program Files\NVIDIA Corporation\CoProcManager\detoured.dll
0x00007ffb5c5f0000 - 0x00007ffb5c64f000 	C:\Program Files\NVIDIA Corporation\CoProcManager\nvd3d9wrapx.dll
0x00007ffb5ebb0000 - 0x00007ffb5ed8a000 	C:\WINDOWS\system32\SETUPAPI.dll
0x00007ffb5ea30000 - 0x00007ffb5ea7f000 	C:\WINDOWS\system32\CFGMGR32.dll
0x00007ffb5c5a0000 - 0x00007ffb5c5e6000 	C:\Program Files\NVIDIA Corporation\CoProcManager\nvdxgiwrapx.dll
0x00007ffb5c700000 - 0x00007ffb5c97b000 	C:\WINDOWS\WinSxS\amd64_microsoft.windows.common-controls_6595b64144ccf1df_6.0.9600.17415_none_6240486fecbd8abb\COMCTL32.dll
0x00000000743e0000 - 0x00000000744b2000 	C:\Program Files\Java\jdk1.8.0_31\jre\bin\msvcr100.dll
0x0000000074530000 - 0x0000000074d8a000 	C:\Program Files\Java\jdk1.8.0_31\jre\bin\server\jvm.dll
0x00007ffb542e0000 - 0x00007ffb542e9000 	C:\WINDOWS\SYSTEM32\WSOCK32.dll
0x00007ffb5b870000 - 0x00007ffb5b892000 	C:\WINDOWS\SYSTEM32\WINMM.dll
0x00007ffb60b60000 - 0x00007ffb60bba000 	C:\WINDOWS\system32\WS2_32.dll
0x00007ffb5b830000 - 0x00007ffb5b85a000 	C:\WINDOWS\SYSTEM32\WINMMBASE.dll
0x00007ffb60e40000 - 0x00007ffb60e49000 	C:\WINDOWS\system32\NSI.dll
0x00007ffb5d450000 - 0x00007ffb5d478000 	C:\WINDOWS\SYSTEM32\DEVOBJ.dll
0x0000000075000000 - 0x000000007500f000 	C:\Program Files\Java\jdk1.8.0_31\jre\bin\verify.dll
0x0000000074fd0000 - 0x0000000074ff8000 	C:\Program Files\Java\jdk1.8.0_31\jre\bin\java.dll
0x00000000743a0000 - 0x00000000743d5000 	C:\Program Files\Java\jdk1.8.0_31\jre\bin\jdwp.dll
0x0000000074390000 - 0x0000000074398000 	C:\Program Files\Java\jdk1.8.0_31\jre\bin\npt.dll
0x0000000074fb0000 - 0x0000000074fc6000 	C:\Program Files\Java\jdk1.8.0_31\jre\bin\zip.dll
0x00007ffb48a20000 - 0x00007ffb48baa000 	C:\WINDOWS\SYSTEM32\dbghelp.dll

VM Arguments:
jvm_args: -agentlib:jdwp=transport=dt_socket,suspend=y,address=localhost:13511 -Dfile.encoding=MS949 -Xbootclasspath:C:\Users\dbgus_000\AppData\Local\Android\android-sdk\platforms\android-21\android.jar 
java_command: testsetset.testestset
java_class_path (initial): C:\Users\dbgus_000\workspace\appcompat_v7\libs\android-support-v4.jar;C:\Users\dbgus_000\workspace\appcompat_v7\libs\android-support-v7-appcompat.jar;C:\Users\dbgus_000\workspace\appcompat_v7\bin\appcompat_v7.jar;C:\Users\dbgus_000\Desktop\니 이름이 뭐니\agent\bin\classes
Launcher Type: SUN_STANDARD

Environment Variables:
JAVA_HOME=C:\Program Files\Java\jdk1.8.0_31
CLASSPATH=.;C:\Program Files\Java\jdk1.8.0_31\lib\tools.jar
PATH=C:\Program Files\Java\jdk1.8.0_31\jre\bin;C:/Program Files/Java/jdk1.8.0_31/bin/../jre/bin/server;C:/Program Files/Java/jdk1.8.0_31/bin/../jre/bin;C:/Program Files/Java/jdk1.8.0_31/bin/../jre/lib/amd64;C:\opencv\build\x64\vc12\bin;C:\Program Files\OpenNI2;C:\Program Files\PCL 1.6.0\3rdParty\VTK\bin;C:\Program Files\PCL 1.6.0\3rdParty\Qhull\bin;C:\Program Files\PCL 1.6.0\3rdParty\FLANN\bin;C:\Program Files\PCL 1.6.0\3rdParty\Eigen\bin;C:\Program Files\PCL 1.6.0\bin;C:\Program Files (x86)\Wizvera\Delfino;C:\Program Files\Java\jdk1.8.0_31\bin;C:\ProgramData\Oracle\Java\javapath;C:\Program Files (x86)\Intel\iCLS Client\;C:\Program Files\Intel\iCLS Client\;C:\Program Files (x86)\NVIDIA Corporation\PhysX\Common;C:\WINDOWS\system32;C:\WINDOWS;C:\WINDOWS\System32\Wbem;C:\WINDOWS\System32\WindowsPowerShell\v1.0\;C:\Program Files (x86)\Windows Live\Shared;C:\Program Files (x86)\Intel\OpenCL SDK\2.0\bin\x86;C:\Program Files (x86)\Intel\OpenCL SDK\2.0\bin\x64;C:\Program Files\Intel\Intel(R) Management Engine Components\DAL;C:\Program Files\Intel\Intel(R) Management Engine Components\IPT;C:\Program Files (x86)\Intel\Intel(R) Management Engine Components\DAL;C:\Program Files (x86)\Intel\Intel(R) Management Engine Components\IPT;C:\Program Files\Intel\WiFi\bin\;C:\Program Files\Common Files\Intel\WirelessCommon\;C:\Program Files\Diskeeper Corporation\ExpressCache\;C:\Program Files\TortoiseGit\bin;C:\Program Files (x86)\Skype\Phone\;C:\APM_Setup\Server\Apache\bin;C:\APM_Setup\Server\MySQL5\bin;C:\;C:\Program Files\Microsoft\Web Platform Installer\;C:\Program Files (x86)\Microsoft ASP.NET\ASP.NET Web Pages\v1.0\;C:\Program Files (x86)\Windows Kits\8.0\Windows Performance Toolkit\;C:\Program Files\Microsoft SQL Server\110\Tools\Binn\;C:\Users\dbgus_000\Desktop\eclipse;
USERNAME=dbgus_000
OS=Windows_NT
PROCESSOR_IDENTIFIER=Intel64 Family 6 Model 58 Stepping 9, GenuineIntel



---------------  S Y S T E M  ---------------

OS: Windows 8.1 , 64 bit Build 9600 

CPU:total 4 (2 cores per cpu, 2 threads per core) family 6 model 58 stepping 9, cmov, cx8, fxsr, mmx, sse, sse2, sse3, ssse3, sse4.1, sse4.2, popcnt, avx, aes, clmul, erms, ht, tsc, tscinvbit, tscinv

Memory: 4k page, physical 6174284k(1993672k free), swap 8074828k(3149380k free)

vm_info: Java HotSpot(TM) 64-Bit Server VM (25.31-b07) for windows-amd64 JRE (1.8.0_31-b13), built on Dec 17 2014 21:00:28 by "java_re" with MS VC++ 10.0 (VS2010)

time: Sun Mar 22 01:28:38 2015
elapsed time: 0 seconds (0d 0h 0m 0s)

